[INFO] Scanning for projects...
[INFO] 
[INFO] ---------------------< com.smartstock:enterprise >----------------------
[INFO] Building SmartStock Enterprise 0.0.1-SNAPSHOT
[INFO]   from pom.xml
[INFO] --------------------------------[ jar ]---------------------------------
[INFO] 
[INFO] --- clean:3.3.2:clean (default-clean) @ enterprise ---
[INFO] Deleting C:\Users\ABINAYA\OneDrive\Desktop\project using Antigravity\backend\target
[INFO] 
[INFO] --- resources:3.3.1:resources (default-resources) @ enterprise ---
[INFO] Copying 1 resource from src\main\resources to target\classes
[INFO] Copying 0 resource from src\main\resources to target\classes
[INFO] 
[INFO] --- compiler:3.11.0:compile (default-compile) @ enterprise ---
[INFO] Changes detected - recompiling the module! :source
[INFO] Compiling 16 source files with javac [debug release 17] to target\classes
[INFO] -------------------------------------------------------------
[ERROR] COMPILATION ERROR : 
[INFO] -------------------------------------------------------------
[ERROR] /C:/Users/ABINAYA/OneDrive/Desktop/project using Antigravity/backend/src/main/java/com/smartstock/enterprise/repository/ProductRepository.java:[6,27] cannot find symbol
  symbol:   class Lock
  location: package jakarta.persistence
[ERROR] /C:/Users/ABINAYA/OneDrive/Desktop/project using Antigravity/backend/src/main/java/com/smartstock/enterprise/repository/ProductRepository.java:[17,6] cannot find symbol
  symbol:   class Lock
  location: interface com.smartstock.enterprise.repository.ProductRepository
[INFO] 2 errors 
[INFO] -------------------------------------------------------------
[INFO] ------------------------------------------------------------------------
[INFO] BUILD FAILURE
[INFO] ------------------------------------------------------------------------
[INFO] Total time:  6.136 s
[INFO] Finished at: 2026-02-18T10:45:43+05:30
[INFO] ------------------------------------------------------------------------
[ERROR] Failed to execute goal org.apache.maven.plugins:maven-compiler-plugin:3.11.0:compile (default-compile) on project enterprise: Compilation failure: Compilation failure: 
[ERROR] /C:/Users/ABINAYA/OneDrive/Desktop/project using Antigravity/backend/src/main/java/com/smartstock/enterprise/repository/ProductRepository.java:[6,27] cannot find symbol
[ERROR]   symbol:   class Lock
[ERROR]   location: package jakarta.persistence
[ERROR] /C:/Users/ABINAYA/OneDrive/Desktop/project using Antigravity/backend/src/main/java/com/smartstock/enterprise/repository/ProductRepository.java:[17,6] cannot find symbol
[ERROR]   symbol:   class Lock
[ERROR]   location: interface com.smartstock.enterprise.repository.ProductRepository
[ERROR] -> [Help 1]
[ERROR] 
[ERROR] To see the full stack trace of the errors, re-run Maven with the -e switch.
[ERROR] Re-run Maven using the -X switch to enable full debug logging.
[ERROR] 
[ERROR] For more information about the errors and possible solutions, please read the following articles:
[ERROR] [Help 1] http://cwiki.apache.org/confluence/display/MAVEN/MojoFailureException
